c:\users\alex\documents\visual studio 2015\projects\reignofbazul\reignofbazul\debug\vc140.pdb
c:\users\alex\documents\visual studio 2015\projects\reignofbazul\reignofbazul\debug\vc140.idb
c:\users\alex\documents\visual studio 2015\projects\reignofbazul\reignofbazul\debug\texture.obj
c:\users\alex\documents\visual studio 2015\projects\reignofbazul\reignofbazul\debug\game.obj
c:\users\alex\documents\visual studio 2015\projects\reignofbazul\reignofbazul\debug\main.obj
c:\users\alex\documents\visual studio 2015\projects\reignofbazul\reignofbazul\debug\resource_manager.obj
c:\users\alex\documents\visual studio 2015\projects\reignofbazul\reignofbazul\debug\shader.obj
c:\users\alex\documents\visual studio 2015\projects\reignofbazul\reignofbazul\debug\sprite_renderer.obj
c:\users\alex\documents\visual studio 2015\projects\reignofbazul\reignofbazul\debug\game_level.obj
c:\users\alex\documents\visual studio 2015\projects\reignofbazul\reignofbazul\debug\game_object.obj
c:\users\alex\documents\visual studio 2015\projects\reignofbazul\debug\reignofbazul.ilk
c:\users\alex\documents\visual studio 2015\projects\reignofbazul\debug\reignofbazul.exe
c:\users\alex\documents\visual studio 2015\projects\reignofbazul\debug\reignofbazul.pdb
c:\users\alex\documents\visual studio 2015\projects\reignofbazul\reignofbazul\debug\game_level.obj.enc
c:\users\alex\documents\visual studio 2015\projects\reignofbazul\reignofbazul\debug\sprite_renderer.obj.enc
c:\users\alex\documents\visual studio 2015\projects\reignofbazul\reignofbazul\debug\reignofbazul.tlog\cl.command.1.tlog
c:\users\alex\documents\visual studio 2015\projects\reignofbazul\reignofbazul\debug\reignofbazul.tlog\cl.read.1.tlog
c:\users\alex\documents\visual studio 2015\projects\reignofbazul\reignofbazul\debug\reignofbazul.tlog\cl.write.1.tlog
c:\users\alex\documents\visual studio 2015\projects\reignofbazul\reignofbazul\debug\reignofbazul.tlog\link.command.1.tlog
c:\users\alex\documents\visual studio 2015\projects\reignofbazul\reignofbazul\debug\reignofbazul.tlog\link.read.1.tlog
c:\users\alex\documents\visual studio 2015\projects\reignofbazul\reignofbazul\debug\reignofbazul.tlog\link.write.1.tlog
