c:\users\alex\documents\visual studio 2015\projects\reignofbazul\reignofbazul\x64\debug\vc140.pdb
c:\users\alex\documents\visual studio 2015\projects\reignofbazul\reignofbazul\x64\debug\vc140.idb
c:\users\alex\documents\visual studio 2015\projects\reignofbazul\reignofbazul\x64\debug\game.obj
c:\users\alex\documents\visual studio 2015\projects\reignofbazul\reignofbazul\x64\debug\game_level.obj
c:\users\alex\documents\visual studio 2015\projects\reignofbazul\reignofbazul\x64\debug\game_object.obj
c:\users\alex\documents\visual studio 2015\projects\reignofbazul\reignofbazul\x64\debug\main.obj
c:\users\alex\documents\visual studio 2015\projects\reignofbazul\reignofbazul\x64\debug\resource_manager.obj
c:\users\alex\documents\visual studio 2015\projects\reignofbazul\reignofbazul\x64\debug\shader.obj
c:\users\alex\documents\visual studio 2015\projects\reignofbazul\reignofbazul\x64\debug\sprite_renderer.obj
c:\users\alex\documents\visual studio 2015\projects\reignofbazul\reignofbazul\x64\debug\texture.obj
c:\users\alex\documents\visual studio 2015\projects\reignofbazul\x64\debug\reignofbazul.pdb
c:\users\alex\documents\visual studio 2015\projects\reignofbazul\reignofbazul\x64\debug\reignofbazul.tlog\cl.command.1.tlog
c:\users\alex\documents\visual studio 2015\projects\reignofbazul\reignofbazul\x64\debug\reignofbazul.tlog\cl.read.1.tlog
c:\users\alex\documents\visual studio 2015\projects\reignofbazul\reignofbazul\x64\debug\reignofbazul.tlog\cl.write.1.tlog
c:\users\alex\documents\visual studio 2015\projects\reignofbazul\reignofbazul\x64\debug\reignofbazul.tlog\link-cvtres.read.1.tlog
c:\users\alex\documents\visual studio 2015\projects\reignofbazul\reignofbazul\x64\debug\reignofbazul.tlog\link-cvtres.write.1.tlog
c:\users\alex\documents\visual studio 2015\projects\reignofbazul\reignofbazul\x64\debug\reignofbazul.tlog\link-rc.read.1.tlog
c:\users\alex\documents\visual studio 2015\projects\reignofbazul\reignofbazul\x64\debug\reignofbazul.tlog\link-rc.write.1.tlog
c:\users\alex\documents\visual studio 2015\projects\reignofbazul\reignofbazul\x64\debug\reignofbazul.tlog\link.command.1.tlog
c:\users\alex\documents\visual studio 2015\projects\reignofbazul\reignofbazul\x64\debug\reignofbazul.tlog\link.read.1.tlog
c:\users\alex\documents\visual studio 2015\projects\reignofbazul\reignofbazul\x64\debug\reignofbazul.tlog\link.write.1.tlog
